<?xml version="1.0" encoding="UTF-8"?>
<!-- Generated by org.testng.reporters.JUnitXMLReporter -->
<testsuite ignored="0" hostname="LyDT-Phoenix" failures="2" tests="15" name="Run on Headless Chrome" time="51.01" errors="0" timestamp="06 Nov 2023 03:14:08 GMT">
  <testcase classname="bank.guru.user.NewAccount" name="NewAccount_01_Check_UI" time="0.24"/>
  <testcase classname="bank.guru.user.NewAccount" name="NewAccount_04_Customer_ID_Blank" time="0.273"/>
  <testcase classname="bank.guru.user.NewAccount" name="NewAccount_05_Customer_ID_Character" time="0.212"/>
  <testcase classname="bank.guru.user.NewAccount" name="NewAccount_06_Customer_ID_Special_Character" time="0.155"/>
  <testcase classname="bank.guru.user.NewAccount" name="NewAccount_07_Email_Not_Exist" time="0.214"/>
  <testcase classname="bank.guru.user.NewAccount" name="NewAccount_08_Customer_ID_First_Blank" time="0.192"/>
  <testcase classname="bank.guru.user.NewAccount" name="NewAccount_09_Intital_Blank" time="0.239"/>
  <testcase classname="bank.guru.user.NewAccount" name="NewAccount_10_Intital_Blank" time="0.166"/>
  <testcase classname="bank.guru.user.NewAccount" name="NewAccount_11_Intital_Special_Character" time="0.167"/>
  <testcase classname="bank.guru.user.NewAccount" name="NewAccount_12_Intital_Less_500" time="0.187">
    <failure type="java.lang.AssertionError" message="expected [Intial deposite must be Rs. 500 or more] but found [Please fill all fields]">
      <![CDATA[java.lang.AssertionError: expected [Intial deposite must be Rs. 500 or more] but found [Please fill all fields]
at bank.guru.user.NewAccount.NewAccount_12_Intital_Less_500(NewAccount.java:131)
... Removed 31 stack frames]]>
    </failure>
  </testcase> <!-- NewAccount_12_Intital_Less_500 -->
  <testcase classname="bank.guru.user.NewAccount" name="NewAccount_12_Intital_Less_500" time="0.203">
    <failure type="org.openqa.selenium.UnhandledAlertException" message="unexpected alert open: {Alert text : Please fill all fields}
  (Session info: chrome=119.0.6045.105): Please fill all fields
Build info: version: &amp;apos;4.11.0&amp;apos;, revision: &amp;apos;040bc5406b&amp;apos;
System info: os.name: &amp;apos;Windows 11&amp;apos;, os.arch: &amp;apos;amd64&amp;apos;, os.version: &amp;apos;10.0&amp;apos;, java.version: &amp;apos;11.0.17&amp;apos;
Driver info: org.openqa.selenium.chrome.ChromeDriver
Command: [cae4b2c695bf3ac9ffdb3fcc9053f6d8, screenshot {}]
Capabilities {acceptInsecureCerts: false, browserName: chrome, browserVersion: 119.0.6045.105, chrome: {chromedriverVersion: 119.0.6045.105 (38c72552c5e..., userDataDir: C:\Users\LyDT\AppData\Local...}, fedcm:accounts: true, goog:chromeOptions: {debuggerAddress: localhost:55709}, networkConnectionEnabled: false, pageLoadStrategy: normal, platformName: windows, proxy: Proxy(), se:cdp: ws://localhost:55709/devtoo..., se:cdpVersion: 119.0.6045.105, setWindowRect: true, strictFileInteractability: false, timeouts: {implicit: 0, pageLoad: 300000, script: 30000}, unhandledPromptBehavior: dismiss and notify, webauthn:extension:credBlob: true, webauthn:extension:largeBlob: true, webauthn:extension:minPinLength: true, webauthn:extension:prf: true, webauthn:virtualAuthenticators: true}
Session ID: cae4b2c695bf3ac9ffdb3fcc9053f6d8">
      <![CDATA[org.openqa.selenium.UnhandledAlertException: unexpected alert open: {Alert text : Please fill all fields}
  (Session info: chrome=119.0.6045.105): Please fill all fields
Build info: version: '4.11.0', revision: '040bc5406b'
System info: os.name: 'Windows 11', os.arch: 'amd64', os.version: '10.0', java.version: '11.0.17'
Driver info: org.openqa.selenium.chrome.ChromeDriver
Command: [cae4b2c695bf3ac9ffdb3fcc9053f6d8, screenshot {}]
Capabilities {acceptInsecureCerts: false, browserName: chrome, browserVersion: 119.0.6045.105, chrome: {chromedriverVersion: 119.0.6045.105 (38c72552c5e..., userDataDir: C:\Users\LyDT\AppData\Local...}, fedcm:accounts: true, goog:chromeOptions: {debuggerAddress: localhost:55709}, networkConnectionEnabled: false, pageLoadStrategy: normal, platformName: windows, proxy: Proxy(), se:cdp: ws://localhost:55709/devtoo..., se:cdpVersion: 119.0.6045.105, setWindowRect: true, strictFileInteractability: false, timeouts: {implicit: 0, pageLoad: 300000, script: 30000}, unhandledPromptBehavior: dismiss and notify, webauthn:extension:credBlob: true, webauthn:extension:largeBlob: true, webauthn:extension:minPinLength: true, webauthn:extension:prf: true, webauthn:virtualAuthenticators: true}
Session ID: cae4b2c695bf3ac9ffdb3fcc9053f6d8
at org.openqa.selenium.remote.codec.w3c.W3CHttpResponseCodec.decode(W3CHttpResponseCodec.java:131)
at org.openqa.selenium.remote.codec.w3c.W3CHttpResponseCodec.decode(W3CHttpResponseCodec.java:52)
at org.openqa.selenium.remote.HttpCommandExecutor.execute(HttpCommandExecutor.java:191)
at org.openqa.selenium.remote.service.DriverCommandExecutor.invokeExecute(DriverCommandExecutor.java:196)
at org.openqa.selenium.remote.service.DriverCommandExecutor.execute(DriverCommandExecutor.java:171)
at org.openqa.selenium.remote.RemoteWebDriver.execute(RemoteWebDriver.java:518)
at org.openqa.selenium.remote.RemoteWebDriver.execute(RemoteWebDriver.java:591)
at org.openqa.selenium.remote.RemoteWebDriver.execute(RemoteWebDriver.java:595)
at org.openqa.selenium.remote.RemoteWebDriver.getScreenshotAs(RemoteWebDriver.java:321)
at reportConfig.ReportNGListener.captureScreenshotBase64(ReportNGListener.java:71)
at reportConfig.ReportNGListener.onTestFailure(ReportNGListener.java:48)
... Removed 22 stack frames]]>
    </failure>
  </testcase> <!-- NewAccount_12_Intital_Less_500 -->
  <testcase classname="bank.guru.user.NewAccount" name="NewAccount_13_Intital_First_Blank" time="0.23"/>
  <testcase classname="bank.guru.user.NewAccount" name="NewAccount_14_Check_Submit_Button_Blank" time="0.196"/>
  <testcase classname="bank.guru.user.NewAccount" name="NewAccount_15_Check_Submit_Button_Incorrect" time="0.216"/>
  <testcase classname="bank.guru.user.NewAccount" name="NewAccount_16_Check_Reset_Button" time="0.275"/>
</testsuite> <!-- Run on Headless Chrome -->
