<?xml version="1.0" encoding="UTF-8"?>
<!-- Generated by org.testng.reporters.JUnitReportReporter -->
<testsuite hostname="LyDT-Phoenix" failures="0" tests="14" name="bank.guru.user.NewAccount" time="2.978" errors="1" timestamp="06 Nov 2023 03:14:09 GMT" skipped="0">
  <testcase classname="bank.guru.user.NewAccount" name="NewAccount_16_Check_Reset_Button" time="0.275"/>
  <testcase classname="bank.guru.user.NewAccount" name="NewAccount_01_Check_UI" time="0.240"/>
  <testcase classname="bank.guru.user.NewAccount" name="NewAccount_04_Customer_ID_Blank" time="0.273"/>
  <testcase classname="bank.guru.user.NewAccount" name="NewAccount_09_Intital_Blank" time="0.239"/>
  <testcase classname="bank.guru.user.NewAccount" name="NewAccount_06_Customer_ID_Special_Character" time="0.155"/>
  <testcase classname="bank.guru.user.NewAccount" name="NewAccount_14_Check_Submit_Button_Blank" time="0.196"/>
  <testcase classname="bank.guru.user.NewAccount" name="NewAccount_12_Intital_Less_500" time="0.203">
    <error message="unexpected alert open: {Alert text : Please fill all fields}
  (Session info: chrome=119.0.6045.105): Please fill all fields
Build info: version: &#039;4.11.0&#039;, revision: &#039;040bc5406b&#039;
System info: os.name: &#039;Windows 11&#039;, os.arch: &#039;amd64&#039;, os.version: &#039;10.0&#039;, java.version: &#039;11.0.17&#039;
Driver info: org.openqa.selenium.chrome.ChromeDriver
Command: [cae4b2c695bf3ac9ffdb3fcc9053f6d8, screenshot {}]
Capabilities {acceptInsecureCerts: false, browserName: chrome, browserVersion: 119.0.6045.105, chrome: {chromedriverVersion: 119.0.6045.105 (38c72552c5e..., userDataDir: C:\Users\LyDT\AppData\Local...}, fedcm:accounts: true, goog:chromeOptions: {debuggerAddress: localhost:55709}, networkConnectionEnabled: false, pageLoadStrategy: normal, platformName: windows, proxy: Proxy(), se:cdp: ws://localhost:55709/devtoo..., se:cdpVersion: 119.0.6045.105, setWindowRect: true, strictFileInteractability: false, timeouts: {implicit: 0, pageLoad: 300000, script: 30000}, unhandledPromptBehavior: dismiss and notify, webauthn:extension:credBlob: true, webauthn:extension:largeBlob: true, webauthn:extension:minPinLength: true, webauthn:extension:prf: true, webauthn:virtualAuthenticators: true}
Session ID: cae4b2c695bf3ac9ffdb3fcc9053f6d8" type="org.openqa.selenium.UnhandledAlertException">
      <![CDATA[org.openqa.selenium.UnhandledAlertException: unexpected alert open: {Alert text : Please fill all fields}
  (Session info: chrome=119.0.6045.105): Please fill all fields
Build info: version: '4.11.0', revision: '040bc5406b'
System info: os.name: 'Windows 11', os.arch: 'amd64', os.version: '10.0', java.version: '11.0.17'
Driver info: org.openqa.selenium.chrome.ChromeDriver
Command: [cae4b2c695bf3ac9ffdb3fcc9053f6d8, screenshot {}]
Capabilities {acceptInsecureCerts: false, browserName: chrome, browserVersion: 119.0.6045.105, chrome: {chromedriverVersion: 119.0.6045.105 (38c72552c5e..., userDataDir: C:\Users\LyDT\AppData\Local...}, fedcm:accounts: true, goog:chromeOptions: {debuggerAddress: localhost:55709}, networkConnectionEnabled: false, pageLoadStrategy: normal, platformName: windows, proxy: Proxy(), se:cdp: ws://localhost:55709/devtoo..., se:cdpVersion: 119.0.6045.105, setWindowRect: true, strictFileInteractability: false, timeouts: {implicit: 0, pageLoad: 300000, script: 30000}, unhandledPromptBehavior: dismiss and notify, webauthn:extension:credBlob: true, webauthn:extension:largeBlob: true, webauthn:extension:minPinLength: true, webauthn:extension:prf: true, webauthn:virtualAuthenticators: true}
Session ID: cae4b2c695bf3ac9ffdb3fcc9053f6d8
at org.openqa.selenium.remote.codec.w3c.W3CHttpResponseCodec.decode(W3CHttpResponseCodec.java:131)
at org.openqa.selenium.remote.codec.w3c.W3CHttpResponseCodec.decode(W3CHttpResponseCodec.java:52)
at org.openqa.selenium.remote.HttpCommandExecutor.execute(HttpCommandExecutor.java:191)
at org.openqa.selenium.remote.service.DriverCommandExecutor.invokeExecute(DriverCommandExecutor.java:196)
at org.openqa.selenium.remote.service.DriverCommandExecutor.execute(DriverCommandExecutor.java:171)
at org.openqa.selenium.remote.RemoteWebDriver.execute(RemoteWebDriver.java:518)
at org.openqa.selenium.remote.RemoteWebDriver.execute(RemoteWebDriver.java:591)
at org.openqa.selenium.remote.RemoteWebDriver.execute(RemoteWebDriver.java:595)
at org.openqa.selenium.remote.RemoteWebDriver.getScreenshotAs(RemoteWebDriver.java:321)
at reportConfig.ReportNGListener.captureScreenshotBase64(ReportNGListener.java:71)
at reportConfig.ReportNGListener.onTestFailure(ReportNGListener.java:48)
at org.testng.internal.TestListenerHelper.runTestListeners(TestListenerHelper.java:67)
at org.testng.internal.Invoker.runTestListeners(Invoker.java:1389)
at org.testng.internal.Invoker.invokeMethod(Invoker.java:636)
at org.testng.internal.Invoker.invokeTestMethod(Invoker.java:719)
at org.testng.internal.Invoker.invokeTestMethods(Invoker.java:989)
at org.testng.internal.TestMethodWorker.invokeTestMethods(TestMethodWorker.java:125)
at org.testng.internal.TestMethodWorker.run(TestMethodWorker.java:109)
at org.testng.TestRunner.privateRun(TestRunner.java:648)
at org.testng.TestRunner.run(TestRunner.java:505)
at org.testng.SuiteRunner.runTest(SuiteRunner.java:455)
at org.testng.SuiteRunner.runSequentially(SuiteRunner.java:450)
at org.testng.SuiteRunner.privateRun(SuiteRunner.java:415)
at org.testng.SuiteRunner.run(SuiteRunner.java:364)
at org.testng.SuiteRunnerWorker.runSuite(SuiteRunnerWorker.java:52)
at org.testng.SuiteRunnerWorker.run(SuiteRunnerWorker.java:84)
at org.testng.TestNG.runSuitesSequentially(TestNG.java:1208)
at org.testng.TestNG.runSuitesLocally(TestNG.java:1137)
at org.testng.TestNG.runSuites(TestNG.java:1049)
at org.testng.TestNG.run(TestNG.java:1017)
at org.testng.remote.AbstractRemoteTestNG.run(AbstractRemoteTestNG.java:115)
at org.testng.remote.RemoteTestNG.initAndRun(RemoteTestNG.java:251)
at org.testng.remote.RemoteTestNG.main(RemoteTestNG.java:77)
]]>
    </error>
  </testcase> <!-- NewAccount_12_Intital_Less_500 -->
  <testcase classname="bank.guru.user.NewAccount" name="NewAccount_10_Intital_Blank" time="0.166"/>
  <testcase classname="bank.guru.user.NewAccount" name="NewAccount_07_Email_Not_Exist" time="0.214"/>
  <testcase classname="bank.guru.user.NewAccount" name="NewAccount_11_Intital_Special_Character" time="0.167"/>
  <testcase classname="bank.guru.user.NewAccount" name="NewAccount_13_Intital_First_Blank" time="0.230"/>
  <testcase classname="bank.guru.user.NewAccount" name="NewAccount_08_Customer_ID_First_Blank" time="0.192"/>
  <testcase classname="bank.guru.user.NewAccount" name="NewAccount_05_Customer_ID_Character" time="0.212"/>
  <testcase classname="bank.guru.user.NewAccount" name="NewAccount_15_Check_Submit_Button_Incorrect" time="0.216"/>
</testsuite> <!-- bank.guru.user.NewAccount -->
